SF:lib\models\address.dart
DA:9,1
DA:17,1
DA:18,1
DA:19,1
DA:20,1
DA:21,1
DA:22,1
DA:23,2
DA:32,1
DA:37,1
DA:38,1
DA:39,1
DA:40,1
LF:13
LH:13
end_of_record
SF:lib\models\user.dart
DA:15,1
DA:26,1
DA:27,1
DA:28,1
DA:29,1
DA:30,1
DA:31,1
DA:32,2
DA:33,1
DA:34,1
DA:35,2
LF:11
LH:11
end_of_record
SF:lib\models\company.dart
DA:8,1
DA:14,1
DA:15,1
DA:16,1
DA:17,1
DA:18,1
LF:6
LH:6
end_of_record
SF:lib\repository\user_repository.dart
DA:10,1
DA:12,1
DA:13,1
DA:14,2
DA:16,2
DA:19,2
DA:20,4
DA:22,0
LF:8
LH:7
end_of_record
SF:lib\main.dart
DA:4,0
DA:5,0
DA:9,2
DA:12,1
DA:14,1
DA:18,1
DA:19,1
LF:7
LH:5
end_of_record
SF:lib\homescreen.dart
DA:8,1
DA:10,1
DA:11,1
DA:17,1
DA:19,1
DA:22,2
DA:23,2
DA:24,0
DA:27,1
DA:29,1
DA:30,1
DA:31,1
DA:32,1
DA:33,2
DA:35,0
DA:36,0
DA:37,0
LF:17
LH:13
end_of_record
SF:lib\views\user_list.dart
DA:6,0
DA:9,0
DA:11,0
DA:13,0
DA:14,0
DA:15,0
DA:16,0
DA:17,0
DA:19,0
DA:20,0
DA:21,0
DA:23,0
DA:24,0
DA:26,0
DA:27,0
DA:34,0
DA:35,0
DA:40,0
DA:41,0
LF:19
LH:0
end_of_record
SF:lib\models\todo.dart
DA:5,0
DA:10,0
DA:11,0
DA:12,0
DA:13,0
LF:5
LH:0
end_of_record
SF:lib\views\todos.dart
DA:9,1
DA:11,0
DA:13,0
DA:14,0
DA:27,1
DA:31,0
DA:32,0
DA:38,0
DA:40,0
DA:42,0
DA:45,0
DA:46,0
DA:47,0
DA:48,0
DA:49,0
DA:52,0
DA:54,0
DA:55,0
DA:56,0
DA:57,0
DA:58,0
DA:59,0
DA:60,0
DA:61,0
DA:62,0
DA:63,0
DA:64,0
DA:65,0
DA:69,0
DA:70,0
DA:71,0
LF:31
LH:2
end_of_record
SF:lib\views\user_details.dart
DA:7,0
DA:10,0
DA:11,0
DA:15,0
DA:17,0
DA:18,0
DA:21,0
DA:22,0
DA:24,0
DA:25,0
DA:26,0
DA:30,0
DA:32,0
DA:33,0
DA:35,0
DA:36,0
DA:39,0
DA:42,0
DA:43,0
DA:44,0
DA:46,0
DA:48,0
DA:53,0
DA:59,0
DA:60,0
DA:61,0
DA:62,0
DA:74,0
DA:76,0
DA:78,0
DA:79,0
DA:81,0
DA:84,0
DA:86,0
DA:89,0
DA:91,0
DA:94,0
DA:96,0
DA:98,0
DA:100,0
DA:102,0
DA:103,0
DA:104,0
DA:105,0
DA:113,0
DA:115,0
DA:118,0
DA:120,0
DA:123,0
DA:125,0
DA:127,0
DA:129,0
DA:131,0
DA:132,0
DA:133,0
DA:134,0
DA:141,0
DA:143,0
DA:144,0
DA:145,0
DA:146,0
DA:148,0
DA:149,0
LF:63
LH:0
end_of_record
SF:lib\widgets\userinfoitem.dart
DA:10,0
DA:13,0
DA:14,0
DA:18,0
DA:19,0
DA:20,0
DA:22,0
DA:26,0
DA:28,0
DA:30,0
DA:32,0
DA:33,0
DA:34,0
DA:38,0
DA:39,0
DA:41,0
DA:42,0
DA:43,0
DA:46,0
DA:47,0
DA:53,0
DA:55,0
DA:56,0
LF:23
LH:0
end_of_record
SF:lib\widgets\more_user_details.dart
DA:4,1
DA:6,0
DA:8,0
DA:9,0
DA:10,0
DA:13,0
DA:15,0
DA:16,0
DA:18,0
DA:26,0
DA:28,0
LF:11
LH:1
end_of_record
